Arguments: 
  /Users/usuario/.nvm/versions/node/v14.15.3/bin/node /Users/usuario/.nvm/versions/node/v14.15.3/bin/yarn

PATH: 
  /Users/usuario/.nvm/versions/node/v14.15.3/bin:/usr/local/bin:/usr/bin:/bin:/usr/sbin:/sbin:/Library/Apple/usr/bin:/Users/usuario/.nvm/versions/node/v14.15.3/bin:/Users/usuario/.cargo/bin

Yarn version: 
  1.22.10

Node version: 
  14.15.3

Platform: 
  darwin x64

Trace: 
  Error: ENOENT: no such file or directory, copyfile '/Users/usuario/Library/Caches/Yarn/v6/npm-ms-2.1.2-d09d1f357b443f493382a8eb3ccd183872ae6009-integrity/node_modules/ms/license.md' -> '/Users/usuario/Documents/IFSP/trabalho_rn/node_modules/@babel/core/node_modules/ms/license.md'

npm manifest: 
  {
    "main": "node_modules/expo/AppEntry.js",
    "scripts": {
      "start": "expo start",
      "android": "expo start --android",
      "ios": "expo start --ios",
      "web": "expo start --web",
      "eject": "expo eject"
    },
    "dependencies": {
      "expo": "~40.0.0",
      "expo-status-bar": "~1.0.3",
      "react": "16.13.1",
      "react-dom": "16.13.1",
      "react-native": "https://github.com/expo/react-native/archive/sdk-40.0.1.tar.gz",
      "react-native-web": "~0.13.12",
      "expo-constants": "~9.3.1",
      "react-native-paper": "3.6.0",
      "react-native-screens": "~2.15.0",
      "@react-navigation/stack": "*",
      "react-native-reanimated": "~1.13.0",
      "@react-navigation/native": "*",
      "react-native-gesture-handler": "~1.8.0",
      "react-native-safe-area-context": "3.1.9",
      "@react-native-community/masked-view": "0.1.10",
      "@react-navigation/drawer": "*"
    },
    "devDependencies": {
      "@babel/core": "~7.9.0"
    },
    "private": true
  }

yarn manifest: 
  No manifest

Lockfile: 
  No lockfile
